


ARM Macro Assembler    Page 1 


    1 00000000         ;/******************************************************
                       ********************//**
    2 00000000         ; * @file     startup_ARMSC000.s
    3 00000000         ; * @brief    CMSIS SC000 Core Device Startup File
    4 00000000         ; *           for ARMSC000 Device Series
    5 00000000         ; * @version  V1.06
    6 00000000         ; * @date     16. November 2011
    7 00000000         ; *
    8 00000000         ; * @note
    9 00000000         ; * Copyright (C) 2011 ARM Limited. All rights reserved.
                       
   10 00000000         ; *
   11 00000000         ; * @par
   12 00000000         ; * ARM Limited (ARM) is supplying this software for use
                        with Cortex-M 
   13 00000000         ; * processor based microcontrollers.  This file can be 
                       freely distributed 
   14 00000000         ; * within development tools that are supporting such AR
                       M based processors. 
   15 00000000         ; *
   16 00000000         ; * @par
   17 00000000         ; * THIS SOFTWARE IS PROVIDED "AS IS".  NO WARRANTIES, W
                       HETHER EXPRESS, IMPLIED
   18 00000000         ; * OR STATUTORY, INCLUDING, BUT NOT LIMITED TO, IMPLIED
                        WARRANTIES OF
   19 00000000         ; * MERCHANTABILITY AND FITNESS FOR A PARTICULAR PURPOSE
                        APPLY TO THIS SOFTWARE.
   20 00000000         ; * ARM SHALL NOT, IN ANY CIRCUMSTANCES, BE LIABLE FOR S
                       PECIAL, INCIDENTAL, OR
   21 00000000         ; * CONSEQUENTIAL DAMAGES, FOR ANY REASON WHATSOEVER.
   22 00000000         ; *
   23 00000000         ; ******************************************************
                       ************************/
   24 00000000         ;/*
   25 00000000         ;//-------- <<< Use Configuration Wizard in Context Menu
                        >>> ------------------
   26 00000000         ;*/
   27 00000000         
   28 00000000         
   29 00000000         ; <h> Stack Configuration
   30 00000000         ;   <o> Stack Size (in Bytes) <0x0-0xFFFFFFFF:8>
   31 00000000         ; </h>
   32 00000000         
   33 00000000 00000600 
                       Stack_Size
                               EQU              0x00000600
   34 00000000         
   35 00000000                 AREA             STACK, NOINIT, READWRITE, ALIGN
=3
   36 00000000         Stack_Mem
                               SPACE            Stack_Size
   37 00000600         __initial_sp
   38 00000600         
   39 00000600         
   40 00000600         ; <h> Heap Configuration
   41 00000600         ;   <o>  Heap Size (in Bytes) <0x0-0xFFFFFFFF:8>
   42 00000600         ; </h>
   43 00000600         
   44 00000600 00000000 



ARM Macro Assembler    Page 2 


                       Heap_Size
                               EQU              0x00000000
   45 00000600         
   46 00000600                 AREA             HEAP, NOINIT, READWRITE, ALIGN=
3
   47 00000000         __heap_base
   48 00000000         Heap_Mem
                               SPACE            Heap_Size
   49 00000000         __heap_limit
   50 00000000         
   51 00000000         
   52 00000000                 PRESERVE8
   53 00000000                 THUMB
   54 00000000         
   55 00000000         
   56 00000000         ; Vector Table Mapped to Address 0 at Reset
   57 00000000         
   58 00000000                 AREA             RESET, DATA, READONLY
   59 00000000                 EXPORT           __Vectors
   60 00000000                 EXPORT           __Vectors_End
   61 00000000                 EXPORT           __Vectors_Size
   62 00000000         
   63 00000000 00000000 
                       __Vectors
                               DCD              __initial_sp ; Top of Stack
   64 00000004 00000000        DCD              Reset_Handler ; Reset Handler
   65 00000008 00000000        DCD              NMI_Handler ; NMI Handler
   66 0000000C 00000000        DCD              HardFault_Handler ; Hard Fault 
                                                            Handler
   67 00000010 00000000        DCD              0           ; Reserved
   68 00000014 00000000        DCD              0           ; Reserved
   69 00000018 00000000        DCD              0           ; Reserved
   70 0000001C 00000000        DCD              0           ; Reserved
   71 00000020 00000000        DCD              0           ; Reserved
   72 00000024 00000000        DCD              0           ; Reserved
   73 00000028 00000000        DCD              0           ; Reserved
   74 0000002C 00000000        DCD              SVC_Handler ; SVCall Handler
   75 00000030 00000000        DCD              0           ; Reserved
   76 00000034 00000000        DCD              0           ; Reserved
   77 00000038 00000000        DCD              PendSV_Handler ; PendSV Handler
                                                            
   78 0000003C 00000000        DCD              SysTick_Handler 
                                                            ; SysTick Handler
   79 00000040         
   80 00000040         ; External Interrupts
   81 00000040 00000000        DCD              Timer0_IRQHandler ;  0: Default
                                                            
   82 00000044 00000000        DCD              Timer1_IRQHandler ;  1: Default
                                                                            
   83 00000048 00000000        DCD              WDT_IRQHandler ;  2: Watchdog
   84 0000004C 00000000        DCD              EEPROM_IRQHandler ;  3: EEPROM
   85 00000050 00000000        DCD              NVMError_IRQHandler ;  4: NVM
   86 00000054 00000000        DCD              GPIO_IRQHandler ;  5: GPIO
   87 00000058 00000000        DCD              0           ;  6: 
   88 0000005C 00000000        DCD              RNG1_IRQHandler ;  7: RNG
   89 00000060 00000000        DCD              SCIRST_IRQHandler 
                                                            ;  8: 7816 reset
   90 00000064 00000000        DCD              SCISend_IRQHandler 
                                                            ;  9: 7816 send



ARM Macro Assembler    Page 3 


   91 00000068 00000000        DCD              SCIReceive_IRQHandler 
                                                            ; 10: 7816 receive
   92 0000006C 00000000        DCD              SCIBufOverFlow_IRQHandler ; 11:
                                                             7816 fifo overflow
                                                            
   93 00000070         
   94 00000070         __Vectors_End
   95 00000070         
   96 00000070 00000070 
                       __Vectors_Size
                               EQU              __Vectors_End - __Vectors
   97 00000070         
   98 00000070         
   99 00000070 00 00 00 
              00 00 00 
              00 00 00 
              00 00 00 
              00 00 00 
              00 00 00 
              00 00 00 
              00 00 00 
              00 00 00 
              00 00 00 
              00 00 00 
              00 00 00 
              00 00 00 
              00 00 00 
              00 00 00 
              00 00 00 
              00 00 00 
              00 00 00 
              00 00 00 
              00 00 00 
              00 00 00 
              00 00 00 
              00 00 00 
              00 00 00 
              00 00 00 
              00 00 00 
              00 00 00 
              00 00 00 
              00 00 00 
              00 00 00 
              00 00 00 
              00 00 00 
              00 00 00 
              00 00 00 
              00 00 00 
              00 00 00 
              00 00 00 
              00 00 00 
              00 00 00 
              00 00 00 
              00 00 00 
              00 00 00 
              00 00 00 
              00 00 00 
              00 00 00 
              00 00 00 



ARM Macro Assembler    Page 4 


              00 00 00 
              00 00 00 
              00 00 00 
              00 00 00 
              00 00 00 
              00 00 00 
              00 00 00 
              00 00 00 
              00 00 00 
              00 00 00 
              00 00 00 
              00 00 00 
              00 00 00 
              00 00 00 
              00 00 00 
              00 00 00 
              00 00 00 
              00 00 00 
              00 00 00 
              00 00 00 
              00 00 00 
              00 00 00 
              00 00 00 
              00 00 00 
              00 00 00 
              00 00 00 
              00 00 00 
              00 00 00 
              00 00 00 
              00 00 00 
              00 00 00 
              00 00 00 
              00 00 00 
              00 00 00 
              00 00 00 
              00 00 00 
              00 00 00 
              00 00 00 
              00 00 00 
              00 00 00 
              00 00 00 
              00 00 00 
              00 00 00 
              00 00 00 
              00 00 00 
              00 00 00 
              00 00 00 
              00 00 00 
              00 00 00 
              00 00 00 
              00 00 00 
              00 00 00 
              00 00 00 
              00 00 00 
              00 00 00 
              00 00 00 
              00 00 00 
              00 00 00 
              00 00 00 



ARM Macro Assembler    Page 5 


              00 00 00 
              00 00 00 
              00 00 00 
              00 00 00 
              00 00 00 
              00 00 00 
              00 00 00 
              00 00 00 
              00 00 00 
              00 00 00 
              00 00 00 
              00 00 00 
              00 00 00 
              00 00 00 
              00 00 00 
              00 00 00 
              00 00 00 
              00 00 00 
              00 00 00 
              00 00 00 
              00 00 00 
              00 00 00 
              00 00 00 
              00 00 00 
              00 00 00 
              00 00 00 
              00 00 00 
              00 00 00 
              00       PAD_AREA
                               SPACE            0x190       ; NOTE: there must 
                                                            be only vectors in 
                                                            the first page!!!
  100 00000200         
  101 00000200                 AREA             |.text|, CODE, READONLY
  102 00000000         
  103 00000000         
  104 00000000         ; Reset Handler
  105 00000000         
  106 00000000         Reset_Handler
                               PROC
  107 00000000                 EXPORT           Reset_Handler             [WEAK
]
  108 00000000         
  109 00000000                 IMPORT           __main
  110 00000000 480B            LDR              R0, =__main
  111 00000002 4700            BX               R0
  112 00000004                 ENDP
  113 00000004         
  114 00000004         
  115 00000004         ; Dummy Exception Handlers (infinite loops which can be 
                       modified)
  116 00000004         
  117 00000004         NMI_Handler
                               PROC
  118 00000004                 EXPORT           NMI_Handler                  [W
EAK]
  119 00000004 E7FE            B                .
  120 00000006                 ENDP
  121 00000006         HardFault_Handler



ARM Macro Assembler    Page 6 


                               PROC
  122 00000006                 EXPORT           HardFault_Handler            [W
EAK]
  123 00000006 E7FE            B                .
  124 00000008                 ENDP
  125 00000008         SVC_Handler
                               PROC
  126 00000008                 EXPORT           SVC_Handler                  [W
EAK]
  127 00000008 E7FE            B                .
  128 0000000A                 ENDP
  129 0000000A         PendSV_Handler
                               PROC
  130 0000000A                 EXPORT           PendSV_Handler               [W
EAK]
  131 0000000A E7FE            B                .
  132 0000000C                 ENDP
  133 0000000C         SysTick_Handler
                               PROC
  134 0000000C                 EXPORT           SysTick_Handler              [W
EAK]
  135 0000000C E7FE            B                .
  136 0000000E                 ENDP
  137 0000000E         Timer0_IRQHandler
                               PROC
  138 0000000E                 EXPORT           Timer0_IRQHandler            [W
EAK]
  139 0000000E E7FE            B                .
  140 00000010                 ENDP
  141 00000010         Timer1_IRQHandler
                               PROC
  142 00000010                 EXPORT           Timer1_IRQHandler            [W
EAK]
  143 00000010 E7FE            B                .
  144 00000012                 ENDP
  145 00000012         WDT_IRQHandler
                               PROC
  146 00000012                 EXPORT           WDT_IRQHandler               [W
EAK]
  147 00000012 E7FE            B                .
  148 00000014                 ENDP
  149 00000014         EEPROM_IRQHandler
                               PROC
  150 00000014                 EXPORT           EEPROM_IRQHandler            [W
EAK]
  151 00000014 E7FE            B                .
  152 00000016                 ENDP
  153 00000016         NVMError_IRQHandler
                               PROC
  154 00000016                 EXPORT           GPIO_IRQHandler              [W
EAK]
  155 00000016 E7FE            B                .
  156 00000018                 ENDP
  157 00000018         GPIO_IRQHandler
                               PROC
  158 00000018                 EXPORT           RNG1_IRQHandler              [W
EAK]
  159 00000018 E7FE            B                .
  160 0000001A                 ENDP



ARM Macro Assembler    Page 7 


  161 0000001A         RNG1_IRQHandler
                               PROC
  162 0000001A                 EXPORT           NVMError_IRQHandler          [W
EAK]
  163 0000001A E7FE            B                .
  164 0000001C                 ENDP
  165 0000001C         SCIRST_IRQHandler
                               PROC
  166 0000001C                 EXPORT           SCIRST_IRQHandler            [W
EAK]
  167 0000001C E7FE            B                .
  168 0000001E                 ENDP
  169 0000001E         
  170 0000001E         SCISend_IRQHandler
                               PROC
  171 0000001E                 EXPORT           SCISend_IRQHandler           [W
EAK]
  172 0000001E E7FE            B                .
  173 00000020                 ENDP
  174 00000020         SCIReceive_IRQHandler
                               PROC
  175 00000020                 EXPORT           SCIReceive_IRQHandler        [W
EAK]
  176 00000020 E7FE            B                .
  177 00000022                 ENDP
  178 00000022         SCIBufOverFlow_IRQHandler
                               PROC
  179 00000022                 EXPORT           SCIBufOverFlow_IRQHandler    [W
EAK]
  180 00000022 E7FE            B                .
  181 00000024                 ENDP
  182 00000024         
  183 00000024                 ALIGN
  184 00000024         
  185 00000024         
  186 00000024         ; User Initial Stack & Heap
  187 00000024         
  188 00000024                 IF               :DEF:__MICROLIB
  195 00000024         
  196 00000024                 IMPORT           __use_two_region_memory
  197 00000024                 EXPORT           __user_initial_stackheap
  198 00000024         __user_initial_stackheap
  199 00000024         
  200 00000024 4803            LDR              R0, =  Heap_Mem
  201 00000026 4904            LDR              R1, =(Stack_Mem + Stack_Size)
  202 00000028 4A02            LDR              R2, = (Heap_Mem +  Heap_Size)
  203 0000002A 4B04            LDR              R3, = Stack_Mem
  204 0000002C 4770            BX               LR
  205 0000002E         
  206 0000002E 00 00           ALIGN
  207 00000030         
  208 00000030                 ENDIF
  209 00000030         
  210 00000030         
  211 00000030                 END
              00000000 
              00000000 
              00000600 
              00000000 



ARM Macro Assembler    Page 8 


Command Line: --debug --xref --cpu=SC000 --bi --apcs=interwork --depend=.\obj\s
tartup.d -o.\obj\startup.o -IC:\Keil\ARM\RV31\INC -IC:\Keil\ARM\CMSIS\Include -
IC:\Keil\ARM\Device\ARM\ARMSC000\Include --predefine="__EVAL SETA 1" --list=.\l
st\startup.lst SRC\startup.s



ARM Macro Assembler    Page 1 Alphabetic symbol ordering
Relocatable symbols

STACK 00000000

Symbol: STACK
   Definitions
      At line 35 in file SRC\startup.s
   Uses
      None
Comment: STACK unused
Stack_Mem 00000000

Symbol: Stack_Mem
   Definitions
      At line 36 in file SRC\startup.s
   Uses
      At line 201 in file SRC\startup.s
      At line 203 in file SRC\startup.s

__initial_sp 00000600

Symbol: __initial_sp
   Definitions
      At line 37 in file SRC\startup.s
   Uses
      At line 63 in file SRC\startup.s
Comment: __initial_sp used once
3 symbols



ARM Macro Assembler    Page 1 Alphabetic symbol ordering
Relocatable symbols

HEAP 00000000

Symbol: HEAP
   Definitions
      At line 46 in file SRC\startup.s
   Uses
      None
Comment: HEAP unused
Heap_Mem 00000000

Symbol: Heap_Mem
   Definitions
      At line 48 in file SRC\startup.s
   Uses
      At line 200 in file SRC\startup.s
      At line 202 in file SRC\startup.s

__heap_base 00000000

Symbol: __heap_base
   Definitions
      At line 47 in file SRC\startup.s
   Uses
      None
Comment: __heap_base unused
__heap_limit 00000000

Symbol: __heap_limit
   Definitions
      At line 49 in file SRC\startup.s
   Uses
      None
Comment: __heap_limit unused
4 symbols



ARM Macro Assembler    Page 1 Alphabetic symbol ordering
Relocatable symbols

PAD_AREA 00000070

Symbol: PAD_AREA
   Definitions
      At line 99 in file SRC\startup.s
   Uses
      None
Comment: PAD_AREA unused
RESET 00000000

Symbol: RESET
   Definitions
      At line 58 in file SRC\startup.s
   Uses
      None
Comment: RESET unused
__Vectors 00000000

Symbol: __Vectors
   Definitions
      At line 63 in file SRC\startup.s
   Uses
      At line 59 in file SRC\startup.s
      At line 96 in file SRC\startup.s

__Vectors_End 00000070

Symbol: __Vectors_End
   Definitions
      At line 94 in file SRC\startup.s
   Uses
      At line 60 in file SRC\startup.s
      At line 96 in file SRC\startup.s

4 symbols



ARM Macro Assembler    Page 1 Alphabetic symbol ordering
Relocatable symbols

.text 00000000

Symbol: .text
   Definitions
      At line 101 in file SRC\startup.s
   Uses
      None
Comment: .text unused
EEPROM_IRQHandler 00000014

Symbol: EEPROM_IRQHandler
   Definitions
      At line 149 in file SRC\startup.s
   Uses
      At line 84 in file SRC\startup.s
      At line 150 in file SRC\startup.s

GPIO_IRQHandler 00000018

Symbol: GPIO_IRQHandler
   Definitions
      At line 157 in file SRC\startup.s
   Uses
      At line 86 in file SRC\startup.s
      At line 154 in file SRC\startup.s

HardFault_Handler 00000006

Symbol: HardFault_Handler
   Definitions
      At line 121 in file SRC\startup.s
   Uses
      At line 66 in file SRC\startup.s
      At line 122 in file SRC\startup.s

NMI_Handler 00000004

Symbol: NMI_Handler
   Definitions
      At line 117 in file SRC\startup.s
   Uses
      At line 65 in file SRC\startup.s
      At line 118 in file SRC\startup.s

NVMError_IRQHandler 00000016

Symbol: NVMError_IRQHandler
   Definitions
      At line 153 in file SRC\startup.s
   Uses
      At line 85 in file SRC\startup.s
      At line 162 in file SRC\startup.s

PendSV_Handler 0000000A

Symbol: PendSV_Handler
   Definitions
      At line 129 in file SRC\startup.s
   Uses



ARM Macro Assembler    Page 2 Alphabetic symbol ordering
Relocatable symbols

      At line 77 in file SRC\startup.s
      At line 130 in file SRC\startup.s

RNG1_IRQHandler 0000001A

Symbol: RNG1_IRQHandler
   Definitions
      At line 161 in file SRC\startup.s
   Uses
      At line 88 in file SRC\startup.s
      At line 158 in file SRC\startup.s

Reset_Handler 00000000

Symbol: Reset_Handler
   Definitions
      At line 106 in file SRC\startup.s
   Uses
      At line 64 in file SRC\startup.s
      At line 107 in file SRC\startup.s

SCIBufOverFlow_IRQHandler 00000022

Symbol: SCIBufOverFlow_IRQHandler
   Definitions
      At line 178 in file SRC\startup.s
   Uses
      At line 92 in file SRC\startup.s
      At line 179 in file SRC\startup.s

SCIRST_IRQHandler 0000001C

Symbol: SCIRST_IRQHandler
   Definitions
      At line 165 in file SRC\startup.s
   Uses
      At line 89 in file SRC\startup.s
      At line 166 in file SRC\startup.s

SCIReceive_IRQHandler 00000020

Symbol: SCIReceive_IRQHandler
   Definitions
      At line 174 in file SRC\startup.s
   Uses
      At line 91 in file SRC\startup.s
      At line 175 in file SRC\startup.s

SCISend_IRQHandler 0000001E

Symbol: SCISend_IRQHandler
   Definitions
      At line 170 in file SRC\startup.s
   Uses
      At line 90 in file SRC\startup.s
      At line 171 in file SRC\startup.s

SVC_Handler 00000008




ARM Macro Assembler    Page 3 Alphabetic symbol ordering
Relocatable symbols

Symbol: SVC_Handler
   Definitions
      At line 125 in file SRC\startup.s
   Uses
      At line 74 in file SRC\startup.s
      At line 126 in file SRC\startup.s

SysTick_Handler 0000000C

Symbol: SysTick_Handler
   Definitions
      At line 133 in file SRC\startup.s
   Uses
      At line 78 in file SRC\startup.s
      At line 134 in file SRC\startup.s

Timer0_IRQHandler 0000000E

Symbol: Timer0_IRQHandler
   Definitions
      At line 137 in file SRC\startup.s
   Uses
      At line 81 in file SRC\startup.s
      At line 138 in file SRC\startup.s

Timer1_IRQHandler 00000010

Symbol: Timer1_IRQHandler
   Definitions
      At line 141 in file SRC\startup.s
   Uses
      At line 82 in file SRC\startup.s
      At line 142 in file SRC\startup.s

WDT_IRQHandler 00000012

Symbol: WDT_IRQHandler
   Definitions
      At line 145 in file SRC\startup.s
   Uses
      At line 83 in file SRC\startup.s
      At line 146 in file SRC\startup.s

__user_initial_stackheap 00000024

Symbol: __user_initial_stackheap
   Definitions
      At line 198 in file SRC\startup.s
   Uses
      At line 197 in file SRC\startup.s
Comment: __user_initial_stackheap used once
19 symbols



ARM Macro Assembler    Page 1 Alphabetic symbol ordering
Absolute symbols

Heap_Size 00000000

Symbol: Heap_Size
   Definitions
      At line 44 in file SRC\startup.s
   Uses
      At line 48 in file SRC\startup.s
      At line 202 in file SRC\startup.s

Stack_Size 00000600

Symbol: Stack_Size
   Definitions
      At line 33 in file SRC\startup.s
   Uses
      At line 36 in file SRC\startup.s
      At line 201 in file SRC\startup.s

__Vectors_Size 00000070

Symbol: __Vectors_Size
   Definitions
      At line 96 in file SRC\startup.s
   Uses
      At line 61 in file SRC\startup.s
Comment: __Vectors_Size used once
3 symbols



ARM Macro Assembler    Page 1 Alphabetic symbol ordering
External symbols

__main 00000000

Symbol: __main
   Definitions
      At line 109 in file SRC\startup.s
   Uses
      At line 110 in file SRC\startup.s
Comment: __main used once
__use_two_region_memory 00000000

Symbol: __use_two_region_memory
   Definitions
      At line 196 in file SRC\startup.s
   Uses
      None
Comment: __use_two_region_memory unused
2 symbols
370 symbols in table
